

Started GET "/" for ::1 at 2016-09-14 12:40:04 -0300
Processing by PageController#inicio as HTML
  Rendered page/inicio.html.erb within layouts/application (1.7ms)
Completed 200 OK in 1112ms (Views: 1101.1ms | ActiveRecord: 0.0ms)


Started GET "/assets/application.self-3a3c8b61bda630ee689740ce7cbd0dd8ea6fdd45e2c42eef4661ab38cf268afe.js?body=1" for ::1 at 2016-09-14 12:40:05 -0300


Started GET "/assets/application.self-e80e8f2318043e8af94dddc2adad5a4f09739a8ebb323b3ab31cd71d45fd9113.css?body=1" for ::1 at 2016-09-14 12:40:05 -0300


Started GET "/assets/page.self-e3b0c44298fc1c149afbf4c8996fb92427ae41e4649b934ca495991b7852b855.css?body=1" for ::1 at 2016-09-14 12:40:05 -0300


Started GET "/assets/jquery.self-bd7ddd393353a8d2480a622e80342adf488fb6006d667e8b42e4c0073393abee.js?body=1" for ::1 at 2016-09-14 12:40:05 -0300


Started GET "/assets/turbolinks.self-c5acd7a204f5f25ce7a1d8a0e4d92e28d34c9e2df2c7371cd7af88e147e4ad82.js?body=1" for ::1 at 2016-09-14 12:40:05 -0300


Started GET "/assets/page.self-877aef30ae1b040ab8a3aba4e3e309a11d7f2612f44dde450b5c157aa5f95c05.js?body=1" for ::1 at 2016-09-14 12:40:05 -0300


Started GET "/" for ::1 at 2016-09-14 12:51:02 -0300
Processing by PageController#inicio as HTML
  Rendered page/inicio.html.erb within layouts/application (2.5ms)
Completed 200 OK in 499ms (Views: 490.2ms | ActiveRecord: 0.0ms)


Started GET "/assets/page.self-e3b0c44298fc1c149afbf4c8996fb92427ae41e4649b934ca495991b7852b855.css?body=1" for ::1 at 2016-09-14 12:51:03 -0300


Started GET "/assets/application.self-e80e8f2318043e8af94dddc2adad5a4f09739a8ebb323b3ab31cd71d45fd9113.css?body=1" for ::1 at 2016-09-14 12:51:03 -0300


Started GET "/assets/jquery.self-bd7ddd393353a8d2480a622e80342adf488fb6006d667e8b42e4c0073393abee.js?body=1" for ::1 at 2016-09-14 12:51:03 -0300


Started GET "/assets/jquery_ujs.self-784a997f6726036b1993eb2217c9cb558e1cbb801c6da88105588c56f13b466a.js?body=1" for ::1 at 2016-09-14 12:51:03 -0300


Started GET "/assets/application.self-3a3c8b61bda630ee689740ce7cbd0dd8ea6fdd45e2c42eef4661ab38cf268afe.js?body=1" for ::1 at 2016-09-14 12:51:03 -0300


Started GET "/assets/turbolinks.self-c5acd7a204f5f25ce7a1d8a0e4d92e28d34c9e2df2c7371cd7af88e147e4ad82.js?body=1" for ::1 at 2016-09-14 12:51:03 -0300


Started GET "/assets/page.self-877aef30ae1b040ab8a3aba4e3e309a11d7f2612f44dde450b5c157aa5f95c05.js?body=1" for ::1 at 2016-09-14 12:51:03 -0300


Started GET "/" for ::1 at 2016-09-14 12:52:05 -0300
Processing by PageController#inicio as HTML
  Rendered page/inicio.html.erb within layouts/application (0.4ms)
Completed 200 OK in 3187ms (Views: 3186.8ms | ActiveRecord: 0.0ms)


Started GET "/assets/application.self-a5616dccbe5c993fcc897f9f73f5526a9fbcab830314a30f07eb419b448e862b.css?body=1" for ::1 at 2016-09-14 12:52:08 -0300


Started GET "/assets/jquery.self-bd7ddd393353a8d2480a622e80342adf488fb6006d667e8b42e4c0073393abee.js?body=1" for ::1 at 2016-09-14 12:52:08 -0300


Started GET "/assets/bootstrap.self-d0e973a52d36a01036265aeefaf2d1ae3499d2cb231a9be3bd846432daf231de.js?body=1" for ::1 at 2016-09-14 12:52:08 -0300


Started GET "/assets/page.self-877aef30ae1b040ab8a3aba4e3e309a11d7f2612f44dde450b5c157aa5f95c05.js?body=1" for ::1 at 2016-09-14 12:52:08 -0300


Started GET "/assets/application.min.self-e3b0c44298fc1c149afbf4c8996fb92427ae41e4649b934ca495991b7852b855.js?body=1" for ::1 at 2016-09-14 12:52:08 -0300


Started GET "/assets/turbolinks.self-c5acd7a204f5f25ce7a1d8a0e4d92e28d34c9e2df2c7371cd7af88e147e4ad82.js?body=1" for ::1 at 2016-09-14 12:52:08 -0300


Started GET "/assets/jquery_ujs.self-784a997f6726036b1993eb2217c9cb558e1cbb801c6da88105588c56f13b466a.js?body=1" for ::1 at 2016-09-14 12:52:08 -0300


Started GET "/assets/application.self-f98a0dd27ad1c55b2b9cfe97296d4887e5d4a4535b3bbbf9130c1050771738b2.js?body=1" for ::1 at 2016-09-14 12:52:08 -0300


Started GET "/assets/bootstrap/glyphicons-halflings-regular-a26394f7ede100ca118eff2eda08596275a9839b959c226e15439557a5a80742.woff" for ::1 at 2016-09-14 12:52:09 -0300


Started GET "/" for ::1 at 2016-09-14 12:53:04 -0300
Processing by PageController#inicio as HTML
  Rendered page/inicio.html.erb within layouts/application (1.1ms)
Completed 500 Internal Server Error in 65ms

ActionView::Template::Error (Missing partial partials/_menu with {:locale=>[:en], :formats=>[:html], :variants=>[], :handlers=>[:erb, :builder, :raw, :ruby, :coffee, :jbuilder]}. Searched in:
  * "/Users/jaime/Desktop/gphone/app/views"
):
     9: <body>
    10: 
    11:   <div class="container">
    12:     <%= render 'partials/menu' %>
    13:       <%= yield %>
    14:     <%= render 'partials/footer' %>
    15:   </div>
  app/views/layouts/application.html.erb:12:in `_app_views_layouts_application_html_erb__4054793217787701031_70356465802040'


  Rendered /Users/jaime/.rvm/gems/ruby-2.3.1/gems/actionpack-4.2.0/lib/action_dispatch/middleware/templates/rescues/_source.erb (8.2ms)
  Rendered /Users/jaime/.rvm/gems/ruby-2.3.1/gems/actionpack-4.2.0/lib/action_dispatch/middleware/templates/rescues/_trace.html.erb (2.7ms)
  Rendered /Users/jaime/.rvm/gems/ruby-2.3.1/gems/actionpack-4.2.0/lib/action_dispatch/middleware/templates/rescues/_request_and_response.html.erb (0.9ms)
  Rendered /Users/jaime/.rvm/gems/ruby-2.3.1/gems/actionpack-4.2.0/lib/action_dispatch/middleware/templates/rescues/template_error.html.erb within rescues/layout (73.4ms)
  Rendered /Users/jaime/.rvm/gems/ruby-2.3.1/gems/web-console-2.3.0/lib/web_console/templates/_markup.html.erb (0.5ms)
  Rendered /Users/jaime/.rvm/gems/ruby-2.3.1/gems/web-console-2.3.0/lib/web_console/templates/_inner_console_markup.html.erb within layouts/inlined_string (0.5ms)
  Rendered /Users/jaime/.rvm/gems/ruby-2.3.1/gems/web-console-2.3.0/lib/web_console/templates/_prompt_box_markup.html.erb within layouts/inlined_string (0.3ms)
  Rendered /Users/jaime/.rvm/gems/ruby-2.3.1/gems/web-console-2.3.0/lib/web_console/templates/style.css.erb within layouts/inlined_string (0.4ms)
  Rendered /Users/jaime/.rvm/gems/ruby-2.3.1/gems/web-console-2.3.0/lib/web_console/templates/console.js.erb within layouts/javascript (68.0ms)
  Rendered /Users/jaime/.rvm/gems/ruby-2.3.1/gems/web-console-2.3.0/lib/web_console/templates/main.js.erb within layouts/javascript (0.4ms)
  Rendered /Users/jaime/.rvm/gems/ruby-2.3.1/gems/web-console-2.3.0/lib/web_console/templates/error_page.js.erb within layouts/javascript (0.5ms)
  Rendered /Users/jaime/.rvm/gems/ruby-2.3.1/gems/web-console-2.3.0/lib/web_console/templates/index.html.erb (141.2ms)


Started GET "/" for ::1 at 2016-09-14 12:53:41 -0300
Processing by PageController#inicio as HTML
  Rendered page/inicio.html.erb within layouts/application (0.3ms)
  Rendered partials/_menu.html.erb (36.3ms)
Completed 500 Internal Server Error in 69ms

ActionView::Template::Error (undefined local variable or method `products_path' for #<#<Class:0x007ffa42bb2260>:0x007ffa4af2f750>):
    24:     <div class="collapse navbar-collapse" id="bs-example-navbar-collapse-1">
    25:       <ul class="nav navbar-nav">
    26:         <li><%= link_to 'INICIO', root_path %></li>
    27:         <li><%= link_to 'PRODUCTOS', products_path %></li>
    28:         <li><%= link_to 'SUCURSALES', page_sucursales_path %></li>
    29:         <li><%= link_to 'CÓMO COMPRAR?', page_comprar_path %></li>
    30:         <li><%= link_to 'SERVICIO TECNICO', page_tecnico_path %></li>
  app/views/partials/_menu.html.erb:27:in `_app_views_partials__menu_html_erb__3139680506926296689_70356493576040'
  app/views/layouts/application.html.erb:12:in `_app_views_layouts_application_html_erb__4054793217787701031_70356465802040'


  Rendered /Users/jaime/.rvm/gems/ruby-2.3.1/gems/actionpack-4.2.0/lib/action_dispatch/middleware/templates/rescues/_source.erb (10.5ms)
  Rendered /Users/jaime/.rvm/gems/ruby-2.3.1/gems/actionpack-4.2.0/lib/action_dispatch/middleware/templates/rescues/_trace.html.erb (5.3ms)
  Rendered /Users/jaime/.rvm/gems/ruby-2.3.1/gems/actionpack-4.2.0/lib/action_dispatch/middleware/templates/rescues/_request_and_response.html.erb (1.3ms)
  Rendered /Users/jaime/.rvm/gems/ruby-2.3.1/gems/actionpack-4.2.0/lib/action_dispatch/middleware/templates/rescues/template_error.html.erb within rescues/layout (74.6ms)
  Rendered /Users/jaime/.rvm/gems/ruby-2.3.1/gems/web-console-2.3.0/lib/web_console/templates/_markup.html.erb (0.6ms)
  Rendered /Users/jaime/.rvm/gems/ruby-2.3.1/gems/web-console-2.3.0/lib/web_console/templates/_inner_console_markup.html.erb within layouts/inlined_string (0.4ms)
  Rendered /Users/jaime/.rvm/gems/ruby-2.3.1/gems/web-console-2.3.0/lib/web_console/templates/_prompt_box_markup.html.erb within layouts/inlined_string (0.3ms)
  Rendered /Users/jaime/.rvm/gems/ruby-2.3.1/gems/web-console-2.3.0/lib/web_console/templates/style.css.erb within layouts/inlined_string (0.7ms)
  Rendered /Users/jaime/.rvm/gems/ruby-2.3.1/gems/web-console-2.3.0/lib/web_console/templates/console.js.erb within layouts/javascript (54.8ms)
  Rendered /Users/jaime/.rvm/gems/ruby-2.3.1/gems/web-console-2.3.0/lib/web_console/templates/main.js.erb within layouts/javascript (0.4ms)
  Rendered /Users/jaime/.rvm/gems/ruby-2.3.1/gems/web-console-2.3.0/lib/web_console/templates/error_page.js.erb within layouts/javascript (0.7ms)
  Rendered /Users/jaime/.rvm/gems/ruby-2.3.1/gems/web-console-2.3.0/lib/web_console/templates/index.html.erb (125.0ms)


Started GET "/" for ::1 at 2016-09-14 12:53:58 -0300
Processing by PageController#inicio as HTML
  Rendered page/inicio.html.erb within layouts/application (0.7ms)
  Rendered partials/_menu.html.erb (38.9ms)
Completed 500 Internal Server Error in 91ms

ActionView::Template::Error (undefined local variable or method `page_tecnico_path' for #<#<Class:0x007ffa42bb2260>:0x007ffa49a07058>
Did you mean?  page_servicio_path):
    27: 
    28:         <li><%= link_to 'SUCURSALES', page_sucursales_path %></li>
    29:         <li><%= link_to 'CÓMO COMPRAR?', page_comprar_path %></li>
    30:         <li><%= link_to 'SERVICIO TECNICO', page_tecnico_path %></li>
    31:         <li><%= link_to 'NOSOTROS', page_nosotros_path %></li>
    32:         <li><%= link_to 'CONTACTO', page_contacto_path %></li>
    33:       </ul>
  app/views/partials/_menu.html.erb:30:in `_app_views_partials__menu_html_erb__3139680506926296689_70356477878440'
  app/views/layouts/application.html.erb:12:in `_app_views_layouts_application_html_erb__4054793217787701031_70356465802040'


  Rendered /Users/jaime/.rvm/gems/ruby-2.3.1/gems/actionpack-4.2.0/lib/action_dispatch/middleware/templates/rescues/_source.erb (10.5ms)
  Rendered /Users/jaime/.rvm/gems/ruby-2.3.1/gems/actionpack-4.2.0/lib/action_dispatch/middleware/templates/rescues/_trace.html.erb (3.3ms)
  Rendered /Users/jaime/.rvm/gems/ruby-2.3.1/gems/actionpack-4.2.0/lib/action_dispatch/middleware/templates/rescues/_request_and_response.html.erb (1.0ms)
  Rendered /Users/jaime/.rvm/gems/ruby-2.3.1/gems/actionpack-4.2.0/lib/action_dispatch/middleware/templates/rescues/template_error.html.erb within rescues/layout (73.5ms)
  Rendered /Users/jaime/.rvm/gems/ruby-2.3.1/gems/web-console-2.3.0/lib/web_console/templates/_markup.html.erb (0.5ms)
  Rendered /Users/jaime/.rvm/gems/ruby-2.3.1/gems/web-console-2.3.0/lib/web_console/templates/_inner_console_markup.html.erb within layouts/inlined_string (0.4ms)
  Rendered /Users/jaime/.rvm/gems/ruby-2.3.1/gems/web-console-2.3.0/lib/web_console/templates/_prompt_box_markup.html.erb within layouts/inlined_string (0.4ms)
  Rendered /Users/jaime/.rvm/gems/ruby-2.3.1/gems/web-console-2.3.0/lib/web_console/templates/style.css.erb within layouts/inlined_string (0.4ms)
  Rendered /Users/jaime/.rvm/gems/ruby-2.3.1/gems/web-console-2.3.0/lib/web_console/templates/console.js.erb within layouts/javascript (55.0ms)
  Rendered /Users/jaime/.rvm/gems/ruby-2.3.1/gems/web-console-2.3.0/lib/web_console/templates/main.js.erb within layouts/javascript (0.5ms)
  Rendered /Users/jaime/.rvm/gems/ruby-2.3.1/gems/web-console-2.3.0/lib/web_console/templates/error_page.js.erb within layouts/javascript (0.5ms)
  Rendered /Users/jaime/.rvm/gems/ruby-2.3.1/gems/web-console-2.3.0/lib/web_console/templates/index.html.erb (123.8ms)


Started GET "/" for ::1 at 2016-09-14 12:54:10 -0300
Processing by PageController#inicio as HTML
  Rendered page/inicio.html.erb within layouts/application (0.7ms)
  Rendered partials/_menu.html.erb (23.2ms)
Completed 500 Internal Server Error in 65ms

ActionView::Template::Error (undefined method `user_signed_in?' for #<#<Class:0x007ffa42bb2260>:0x007ffa457b5740>):
    32:         <li><%= link_to 'CONTACTO', page_contacto_path %></li>
    33:       </ul>
    34:       <ul class="nav navbar-nav navbar-right">
    35:         <% if user_signed_in? %>
    36:           <li><%= link_to 'Salir', destroy_user_session_path, method: :delete %></li>
    37:         <% else %>
    38:           <li><%= link_to 'Ingresar', new_user_session_path %></li>
  app/views/partials/_menu.html.erb:35:in `_app_views_partials__menu_html_erb__3139680506926296689_70356464658980'
  app/views/layouts/application.html.erb:12:in `_app_views_layouts_application_html_erb__4054793217787701031_70356465802040'


  Rendered /Users/jaime/.rvm/gems/ruby-2.3.1/gems/actionpack-4.2.0/lib/action_dispatch/middleware/templates/rescues/_source.erb (6.7ms)
  Rendered /Users/jaime/.rvm/gems/ruby-2.3.1/gems/actionpack-4.2.0/lib/action_dispatch/middleware/templates/rescues/_trace.html.erb (3.0ms)
  Rendered /Users/jaime/.rvm/gems/ruby-2.3.1/gems/actionpack-4.2.0/lib/action_dispatch/middleware/templates/rescues/_request_and_response.html.erb (0.9ms)
  Rendered /Users/jaime/.rvm/gems/ruby-2.3.1/gems/actionpack-4.2.0/lib/action_dispatch/middleware/templates/rescues/template_error.html.erb within rescues/layout (66.4ms)
  Rendered /Users/jaime/.rvm/gems/ruby-2.3.1/gems/web-console-2.3.0/lib/web_console/templates/_markup.html.erb (0.4ms)
  Rendered /Users/jaime/.rvm/gems/ruby-2.3.1/gems/web-console-2.3.0/lib/web_console/templates/_inner_console_markup.html.erb within layouts/inlined_string (0.4ms)
  Rendered /Users/jaime/.rvm/gems/ruby-2.3.1/gems/web-console-2.3.0/lib/web_console/templates/_prompt_box_markup.html.erb within layouts/inlined_string (0.3ms)
  Rendered /Users/jaime/.rvm/gems/ruby-2.3.1/gems/web-console-2.3.0/lib/web_console/templates/style.css.erb within layouts/inlined_string (0.4ms)
  Rendered /Users/jaime/.rvm/gems/ruby-2.3.1/gems/web-console-2.3.0/lib/web_console/templates/console.js.erb within layouts/javascript (56.3ms)
  Rendered /Users/jaime/.rvm/gems/ruby-2.3.1/gems/web-console-2.3.0/lib/web_console/templates/main.js.erb within layouts/javascript (0.3ms)
  Rendered /Users/jaime/.rvm/gems/ruby-2.3.1/gems/web-console-2.3.0/lib/web_console/templates/error_page.js.erb within layouts/javascript (0.5ms)
  Rendered /Users/jaime/.rvm/gems/ruby-2.3.1/gems/web-console-2.3.0/lib/web_console/templates/index.html.erb (121.5ms)
  [1m[36m (1.0ms)[0m  [1mCREATE TABLE "schema_migrations" ("version" varchar NOT NULL) [0m
  [1m[35m (0.1ms)[0m  select sqlite_version(*)
  [1m[36m (0.9ms)[0m  [1mCREATE UNIQUE INDEX "unique_schema_migrations" ON "schema_migrations" ("version")[0m
  [1m[35mActiveRecord::SchemaMigration Load (0.1ms)[0m  SELECT "schema_migrations".* FROM "schema_migrations"
Migrating to DeviseCreateUsers (20160914162222)
  [1m[36m (0.1ms)[0m  [1mbegin transaction[0m
  [1m[35m (0.6ms)[0m  CREATE TABLE "users" ("id" INTEGER PRIMARY KEY AUTOINCREMENT NOT NULL, "email" varchar DEFAULT '' NOT NULL, "encrypted_password" varchar DEFAULT '' NOT NULL, "reset_password_token" varchar, "reset_password_sent_at" datetime, "remember_created_at" datetime, "sign_in_count" integer DEFAULT 0 NOT NULL, "current_sign_in_at" datetime, "last_sign_in_at" datetime, "current_sign_in_ip" varchar, "last_sign_in_ip" varchar, "created_at" datetime NOT NULL, "updated_at" datetime NOT NULL) 
  [1m[36m (0.4ms)[0m  [1mCREATE UNIQUE INDEX "index_users_on_email" ON "users" ("email")[0m
  [1m[35m (0.1ms)[0m              SELECT sql
            FROM sqlite_master
            WHERE name='index_users_on_email' AND type='index'
            UNION ALL
            SELECT sql
            FROM sqlite_temp_master
            WHERE name='index_users_on_email' AND type='index'

  [1m[36m (0.1ms)[0m  [1mCREATE UNIQUE INDEX "index_users_on_reset_password_token" ON "users" ("reset_password_token")[0m
  [1m[35mSQL (0.1ms)[0m  INSERT INTO "schema_migrations" ("version") VALUES (?)  [["version", "20160914162222"]]
  [1m[36m (1.1ms)[0m  [1mcommit transaction[0m
  [1m[35mActiveRecord::SchemaMigration Load (0.1ms)[0m  SELECT "schema_migrations".* FROM "schema_migrations"
  [1m[36m (0.1ms)[0m  [1m            SELECT sql
            FROM sqlite_master
            WHERE name='index_users_on_reset_password_token' AND type='index'
            UNION ALL
            SELECT sql
            FROM sqlite_temp_master
            WHERE name='index_users_on_reset_password_token' AND type='index'
[0m
  [1m[35m (0.1ms)[0m              SELECT sql
            FROM sqlite_master
            WHERE name='index_users_on_email' AND type='index'
            UNION ALL
            SELECT sql
            FROM sqlite_temp_master
            WHERE name='index_users_on_email' AND type='index'



Started GET "/" for ::1 at 2016-09-14 13:22:46 -0300

NoMethodError (undefined method `devise_for' for #<ActionDispatch::Routing::Mapper:0x007ffa4a863cf0>):
  config/routes.rb:3:in `block in <top (required)>'
  config/routes.rb:1:in `<top (required)>'


  Rendered /Users/jaime/.rvm/gems/ruby-2.3.1/gems/actionpack-4.2.0/lib/action_dispatch/middleware/templates/rescues/_source.erb (3.9ms)
  Rendered /Users/jaime/.rvm/gems/ruby-2.3.1/gems/actionpack-4.2.0/lib/action_dispatch/middleware/templates/rescues/_trace.html.erb (1.8ms)
  Rendered /Users/jaime/.rvm/gems/ruby-2.3.1/gems/actionpack-4.2.0/lib/action_dispatch/middleware/templates/rescues/_request_and_response.html.erb (0.9ms)
  Rendered /Users/jaime/.rvm/gems/ruby-2.3.1/gems/actionpack-4.2.0/lib/action_dispatch/middleware/templates/rescues/diagnostics.html.erb within rescues/layout (67.1ms)
  Rendered /Users/jaime/.rvm/gems/ruby-2.3.1/gems/web-console-2.3.0/lib/web_console/templates/_markup.html.erb (0.6ms)
  Rendered /Users/jaime/.rvm/gems/ruby-2.3.1/gems/web-console-2.3.0/lib/web_console/templates/_inner_console_markup.html.erb within layouts/inlined_string (0.4ms)
  Rendered /Users/jaime/.rvm/gems/ruby-2.3.1/gems/web-console-2.3.0/lib/web_console/templates/_prompt_box_markup.html.erb within layouts/inlined_string (0.5ms)
  Rendered /Users/jaime/.rvm/gems/ruby-2.3.1/gems/web-console-2.3.0/lib/web_console/templates/style.css.erb within layouts/inlined_string (0.4ms)
  Rendered /Users/jaime/.rvm/gems/ruby-2.3.1/gems/web-console-2.3.0/lib/web_console/templates/console.js.erb within layouts/javascript (57.6ms)
  Rendered /Users/jaime/.rvm/gems/ruby-2.3.1/gems/web-console-2.3.0/lib/web_console/templates/main.js.erb within layouts/javascript (0.3ms)
  Rendered /Users/jaime/.rvm/gems/ruby-2.3.1/gems/web-console-2.3.0/lib/web_console/templates/error_page.js.erb within layouts/javascript (0.6ms)
  Rendered /Users/jaime/.rvm/gems/ruby-2.3.1/gems/web-console-2.3.0/lib/web_console/templates/index.html.erb (132.9ms)


Started GET "/" for ::1 at 2016-09-14 13:22:59 -0300
  [1m[36mActiveRecord::SchemaMigration Load (0.2ms)[0m  [1mSELECT "schema_migrations".* FROM "schema_migrations"[0m
Processing by PageController#inicio as HTML
  Rendered page/inicio.html.erb within layouts/application (1.9ms)
  Rendered partials/_footer.html.erb (0.7ms)
  Rendered partials/_footer.html.erb (0.2ms)
Completed 200 OK in 3877ms (Views: 3865.3ms | ActiveRecord: 0.0ms)


Started GET "/assets/application.self-90c48c98f70fe24ca5ebb9f1727517ec2829836252dc30bfd904178526cfc72a.css?body=1" for ::1 at 2016-09-14 13:23:03 -0300


Started GET "/assets/jquery.self-bd7ddd393353a8d2480a622e80342adf488fb6006d667e8b42e4c0073393abee.js?body=1" for ::1 at 2016-09-14 13:23:03 -0300


Started GET "/assets/turbolinks.self-c5acd7a204f5f25ce7a1d8a0e4d92e28d34c9e2df2c7371cd7af88e147e4ad82.js?body=1" for ::1 at 2016-09-14 13:23:03 -0300


Started GET "/assets/jquery_ujs.self-784a997f6726036b1993eb2217c9cb558e1cbb801c6da88105588c56f13b466a.js?body=1" for ::1 at 2016-09-14 13:23:03 -0300


Started GET "/assets/application.self-f98a0dd27ad1c55b2b9cfe97296d4887e5d4a4535b3bbbf9130c1050771738b2.js?body=1" for ::1 at 2016-09-14 13:23:03 -0300


Started GET "/assets/bootstrap.self-b38817c3e3a3049abb1fc08dd6ae448b23330f8453226efdb074710209474f75.js?body=1" for ::1 at 2016-09-14 13:23:03 -0300


Started GET "/assets/application.min.self-e3b0c44298fc1c149afbf4c8996fb92427ae41e4649b934ca495991b7852b855.js?body=1" for ::1 at 2016-09-14 13:23:03 -0300


Started GET "/assets/page.self-877aef30ae1b040ab8a3aba4e3e309a11d7f2612f44dde450b5c157aa5f95c05.js?body=1" for ::1 at 2016-09-14 13:23:03 -0300


Started GET "/assets/bootstrap/glyphicons-halflings-regular-a26394f7ede100ca118eff2eda08596275a9839b959c226e15439557a5a80742.woff" for ::1 at 2016-09-14 13:23:03 -0300


Started GET "/" for ::1 at 2016-09-14 13:23:12 -0300
Processing by PageController#inicio as HTML
  Rendered page/inicio.html.erb within layouts/application (0.6ms)
  Rendered partials/_menu.html.erb (5.6ms)
  Rendered partials/_footer.html.erb (0.1ms)
Completed 200 OK in 83ms (Views: 81.9ms | ActiveRecord: 0.0ms)


Started GET "/assets/jquery.self-bd7ddd393353a8d2480a622e80342adf488fb6006d667e8b42e4c0073393abee.js?body=1" for ::1 at 2016-09-14 13:23:12 -0300


Started GET "/assets/turbolinks.self-c5acd7a204f5f25ce7a1d8a0e4d92e28d34c9e2df2c7371cd7af88e147e4ad82.js?body=1" for ::1 at 2016-09-14 13:23:12 -0300


Started GET "/assets/jquery_ujs.self-784a997f6726036b1993eb2217c9cb558e1cbb801c6da88105588c56f13b466a.js?body=1" for ::1 at 2016-09-14 13:23:12 -0300


Started GET "/assets/application.self-90c48c98f70fe24ca5ebb9f1727517ec2829836252dc30bfd904178526cfc72a.css?body=1" for ::1 at 2016-09-14 13:23:12 -0300


Started GET "/assets/page.self-877aef30ae1b040ab8a3aba4e3e309a11d7f2612f44dde450b5c157aa5f95c05.js?body=1" for ::1 at 2016-09-14 13:23:12 -0300


Started GET "/assets/application.min.self-e3b0c44298fc1c149afbf4c8996fb92427ae41e4649b934ca495991b7852b855.js?body=1" for ::1 at 2016-09-14 13:23:12 -0300


Started GET "/assets/bootstrap.self-b38817c3e3a3049abb1fc08dd6ae448b23330f8453226efdb074710209474f75.js?body=1" for ::1 at 2016-09-14 13:23:12 -0300


Started GET "/assets/application.self-f98a0dd27ad1c55b2b9cfe97296d4887e5d4a4535b3bbbf9130c1050771738b2.js?body=1" for ::1 at 2016-09-14 13:23:12 -0300


Started GET "/assets/bootstrap/glyphicons-halflings-regular-a26394f7ede100ca118eff2eda08596275a9839b959c226e15439557a5a80742.woff" for ::1 at 2016-09-14 13:23:13 -0300


Started GET "/" for ::1 at 2016-09-14 13:23:21 -0300
Processing by PageController#inicio as HTML
  Rendered page/inicio.html.erb within layouts/application (1.1ms)
  Rendered partials/_menu.html.erb (1.8ms)
  Rendered partials/_footer.html.erb (0.3ms)
Completed 200 OK in 60ms (Views: 59.7ms | ActiveRecord: 0.0ms)


Started GET "/assets/jquery.self-bd7ddd393353a8d2480a622e80342adf488fb6006d667e8b42e4c0073393abee.js?body=1" for ::1 at 2016-09-14 13:23:21 -0300


Started GET "/assets/application.self-90c48c98f70fe24ca5ebb9f1727517ec2829836252dc30bfd904178526cfc72a.css?body=1" for ::1 at 2016-09-14 13:23:21 -0300


Started GET "/assets/application.min.self-e3b0c44298fc1c149afbf4c8996fb92427ae41e4649b934ca495991b7852b855.js?body=1" for ::1 at 2016-09-14 13:23:21 -0300


Started GET "/assets/turbolinks.self-c5acd7a204f5f25ce7a1d8a0e4d92e28d34c9e2df2c7371cd7af88e147e4ad82.js?body=1" for ::1 at 2016-09-14 13:23:21 -0300


Started GET "/assets/page.self-877aef30ae1b040ab8a3aba4e3e309a11d7f2612f44dde450b5c157aa5f95c05.js?body=1" for ::1 at 2016-09-14 13:23:21 -0300


Started GET "/assets/jquery_ujs.self-784a997f6726036b1993eb2217c9cb558e1cbb801c6da88105588c56f13b466a.js?body=1" for ::1 at 2016-09-14 13:23:21 -0300


Started GET "/assets/bootstrap.self-b38817c3e3a3049abb1fc08dd6ae448b23330f8453226efdb074710209474f75.js?body=1" for ::1 at 2016-09-14 13:23:21 -0300


Started GET "/assets/application.self-f98a0dd27ad1c55b2b9cfe97296d4887e5d4a4535b3bbbf9130c1050771738b2.js?body=1" for ::1 at 2016-09-14 13:23:22 -0300


Started GET "/assets/bootstrap/glyphicons-halflings-regular-a26394f7ede100ca118eff2eda08596275a9839b959c226e15439557a5a80742.woff" for ::1 at 2016-09-14 13:23:22 -0300


Started GET "/page/sucursales" for ::1 at 2016-09-14 13:23:24 -0300
Processing by PageController#sucursales as HTML
  Rendered page/sucursales.html.erb within layouts/application (0.9ms)
  Rendered partials/_menu.html.erb (1.5ms)
  Rendered partials/_footer.html.erb (0.2ms)
Completed 200 OK in 35ms (Views: 34.8ms | ActiveRecord: 0.0ms)


Started GET "/page/comprar" for ::1 at 2016-09-14 13:23:28 -0300
Processing by PageController#comprar as HTML
  Rendered page/comprar.html.erb within layouts/application (0.4ms)
  Rendered partials/_menu.html.erb (1.2ms)
  Rendered partials/_footer.html.erb (0.1ms)
Completed 200 OK in 29ms (Views: 28.5ms | ActiveRecord: 0.0ms)


Started GET "/page/servicio" for ::1 at 2016-09-14 13:23:30 -0300
Processing by PageController#servicio as HTML
  Rendered page/servicio.html.erb within layouts/application (0.6ms)
  Rendered partials/_menu.html.erb (1.1ms)
  Rendered partials/_footer.html.erb (0.2ms)
Completed 200 OK in 45ms (Views: 41.6ms | ActiveRecord: 0.0ms)


Started GET "/page/nosotros" for ::1 at 2016-09-14 13:23:32 -0300
Processing by PageController#nosotros as HTML
  Rendered page/nosotros.html.erb within layouts/application (0.4ms)
  Rendered partials/_menu.html.erb (0.9ms)
  Rendered partials/_footer.html.erb (0.2ms)
Completed 200 OK in 60ms (Views: 58.9ms | ActiveRecord: 0.0ms)


Started GET "/page/contacto" for ::1 at 2016-09-14 13:23:34 -0300
Processing by PageController#contacto as HTML
  Rendered page/contacto.html.erb within layouts/application (0.5ms)
  Rendered partials/_menu.html.erb (1.0ms)
  Rendered partials/_footer.html.erb (0.1ms)
Completed 200 OK in 41ms (Views: 40.8ms | ActiveRecord: 0.0ms)


Started GET "/users/sign_in" for ::1 at 2016-09-14 13:23:35 -0300
Processing by Devise::SessionsController#new as HTML
  Rendered /Users/jaime/.rvm/gems/ruby-2.3.1/gems/devise-4.2.0/app/views/devise/shared/_links.html.erb (1.9ms)
  Rendered /Users/jaime/.rvm/gems/ruby-2.3.1/gems/devise-4.2.0/app/views/devise/sessions/new.html.erb within layouts/application (33.4ms)
  Rendered partials/_menu.html.erb (1.1ms)
  Rendered partials/_footer.html.erb (0.4ms)
Completed 200 OK in 101ms (Views: 84.6ms | ActiveRecord: 0.4ms)


Started GET "/users/sign_up" for ::1 at 2016-09-14 13:23:38 -0300
Processing by Devise::RegistrationsController#new as HTML
  Rendered /Users/jaime/.rvm/gems/ruby-2.3.1/gems/devise-4.2.0/app/views/devise/shared/_links.html.erb (0.5ms)
  Rendered /Users/jaime/.rvm/gems/ruby-2.3.1/gems/devise-4.2.0/app/views/devise/registrations/new.html.erb within layouts/application (6.1ms)
  Rendered partials/_menu.html.erb (0.9ms)
  Rendered partials/_footer.html.erb (0.1ms)
Completed 200 OK in 53ms (Views: 51.6ms | ActiveRecord: 0.0ms)


Started GET "/users/sign_up" for ::1 at 2016-09-14 13:23:39 -0300
Processing by Devise::RegistrationsController#new as HTML
  Rendered /Users/jaime/.rvm/gems/ruby-2.3.1/gems/devise-4.2.0/app/views/devise/shared/_links.html.erb (0.2ms)
  Rendered /Users/jaime/.rvm/gems/ruby-2.3.1/gems/devise-4.2.0/app/views/devise/registrations/new.html.erb within layouts/application (4.0ms)
  Rendered partials/_menu.html.erb (0.8ms)
  Rendered partials/_footer.html.erb (0.2ms)
Completed 200 OK in 36ms (Views: 35.1ms | ActiveRecord: 0.0ms)


Started GET "/" for ::1 at 2016-09-14 13:23:41 -0300
Processing by PageController#inicio as HTML
  Rendered page/inicio.html.erb within layouts/application (0.7ms)
  Rendered partials/_menu.html.erb (0.9ms)
  Rendered partials/_footer.html.erb (0.1ms)
Completed 200 OK in 40ms (Views: 38.9ms | ActiveRecord: 0.0ms)


Started GET "/users/sign_up" for ::1 at 2016-09-14 13:23:45 -0300
Processing by Devise::RegistrationsController#new as HTML
  Rendered /Users/jaime/.rvm/gems/ruby-2.3.1/gems/devise-4.2.0/app/views/devise/shared/_links.html.erb (0.6ms)
  Rendered /Users/jaime/.rvm/gems/ruby-2.3.1/gems/devise-4.2.0/app/views/devise/registrations/new.html.erb within layouts/application (6.2ms)
  Rendered partials/_menu.html.erb (1.7ms)
  Rendered partials/_footer.html.erb (0.2ms)
Completed 200 OK in 57ms (Views: 56.3ms | ActiveRecord: 0.0ms)


Started POST "/users" for ::1 at 2016-09-14 13:23:58 -0300
Processing by Devise::RegistrationsController#create as HTML
  Parameters: {"utf8"=>"✓", "authenticity_token"=>"BR6fpViq2/97557ARl+T1NhGJzAsgEL61O/YiSynN4r5BaIGK+CrATQPWEbiJaHrdeXOwPUgIzowjeoyYMWQzg==", "user"=>{"email"=>"admin@gphone.cl", "password"=>"[FILTERED]", "password_confirmation"=>"[FILTERED]"}, "commit"=>"Sign up"}
  [1m[35m (0.1ms)[0m  begin transaction
  [1m[36mUser Exists (0.2ms)[0m  [1mSELECT  1 AS one FROM "users" WHERE "users"."email" = 'admin@gphone.cl' LIMIT 1[0m
  [1m[35mSQL (0.6ms)[0m  INSERT INTO "users" ("email", "encrypted_password", "created_at", "updated_at") VALUES (?, ?, ?, ?)  [["email", "admin@gphone.cl"], ["encrypted_password", "$2a$11$8p5W1QElkg37FF69pQIYR.ikQnOy3uV/4GWKpMsmzoBf95dKn/5ru"], ["created_at", "2016-09-14 16:23:59.050457"], ["updated_at", "2016-09-14 16:23:59.050457"]]
  [1m[36m (0.8ms)[0m  [1mcommit transaction[0m
  [1m[35m (0.1ms)[0m  begin transaction
  [1m[36mSQL (0.5ms)[0m  [1mUPDATE "users" SET "last_sign_in_at" = ?, "current_sign_in_at" = ?, "last_sign_in_ip" = ?, "current_sign_in_ip" = ?, "sign_in_count" = ?, "updated_at" = ? WHERE "users"."id" = ?[0m  [["last_sign_in_at", "2016-09-14 16:23:59.054130"], ["current_sign_in_at", "2016-09-14 16:23:59.054130"], ["last_sign_in_ip", "::1"], ["current_sign_in_ip", "::1"], ["sign_in_count", 1], ["updated_at", "2016-09-14 16:23:59.054992"], ["id", 1]]
  [1m[35m (0.9ms)[0m  commit transaction
Redirected to http://localhost:3000/
Completed 302 Found in 220ms (ActiveRecord: 3.0ms)


Started GET "/" for ::1 at 2016-09-14 13:23:59 -0300
Processing by PageController#inicio as HTML
  Rendered page/inicio.html.erb within layouts/application (0.3ms)
  [1m[36mUser Load (0.3ms)[0m  [1mSELECT  "users".* FROM "users" WHERE "users"."id" = ?  ORDER BY "users"."id" ASC LIMIT 1[0m  [["id", 1]]
  Rendered partials/_menu.html.erb (2.5ms)
  Rendered partials/_footer.html.erb (0.3ms)
Completed 200 OK in 46ms (Views: 44.6ms | ActiveRecord: 0.3ms)


Started DELETE "/users/sign_out" for ::1 at 2016-09-14 13:24:03 -0300
Processing by Devise::SessionsController#destroy as HTML
  Parameters: {"authenticity_token"=>"EO5mCe23uY3llDWWlDxzA1P8DpwFx4k/MeIFnR1Apf3s9Vuqnv3Jc6p88xAwRkE8/l/nbNxn6P/VgDcmUSICuQ=="}
  [1m[35mUser Load (0.2ms)[0m  SELECT  "users".* FROM "users" WHERE "users"."id" = ?  ORDER BY "users"."id" ASC LIMIT 1  [["id", 1]]
  [1m[36m (0.1ms)[0m  [1mbegin transaction[0m
  [1m[35m (0.2ms)[0m  commit transaction
Redirected to http://localhost:3000/
Completed 302 Found in 9ms (ActiveRecord: 0.4ms)


Started GET "/" for ::1 at 2016-09-14 13:24:03 -0300
Processing by PageController#inicio as HTML
  Rendered page/inicio.html.erb within layouts/application (0.4ms)
  Rendered partials/_menu.html.erb (1.1ms)
  Rendered partials/_footer.html.erb (0.1ms)
Completed 200 OK in 51ms (Views: 50.8ms | ActiveRecord: 0.0ms)
  [1m[36mActiveRecord::SchemaMigration Load (0.1ms)[0m  [1mSELECT "schema_migrations".* FROM "schema_migrations"[0m
Migrating to CreateProducts (20160914163240)
  [1m[35m (0.1ms)[0m  begin transaction
  [1m[36m (0.4ms)[0m  [1mCREATE TABLE "products" ("id" INTEGER PRIMARY KEY AUTOINCREMENT NOT NULL, "image" varchar, "title" varchar, "price" integer, "category" varchar, "brand" varchar, "description" text, "subcategory" varchar, "created_at" datetime NOT NULL, "updated_at" datetime NOT NULL) [0m
  [1m[35mSQL (0.2ms)[0m  INSERT INTO "schema_migrations" ("version") VALUES (?)  [["version", "20160914163240"]]
  [1m[36m (0.9ms)[0m  [1mcommit transaction[0m
  [1m[35mActiveRecord::SchemaMigration Load (0.1ms)[0m  SELECT "schema_migrations".* FROM "schema_migrations"
  [1m[36m (0.1ms)[0m  [1m            SELECT sql
            FROM sqlite_master
            WHERE name='index_users_on_reset_password_token' AND type='index'
            UNION ALL
            SELECT sql
            FROM sqlite_temp_master
            WHERE name='index_users_on_reset_password_token' AND type='index'
[0m
  [1m[35m (0.1ms)[0m              SELECT sql
            FROM sqlite_master
            WHERE name='index_users_on_email' AND type='index'
            UNION ALL
            SELECT sql
            FROM sqlite_temp_master
            WHERE name='index_users_on_email' AND type='index'



Started GET "/" for ::1 at 2016-09-14 13:34:10 -0300
  [1m[36mActiveRecord::SchemaMigration Load (0.2ms)[0m  [1mSELECT "schema_migrations".* FROM "schema_migrations"[0m
Processing by PageController#inicio as HTML
  Rendered page/inicio.html.erb within layouts/application (2.7ms)
  Rendered partials/_menu.html.erb (7.2ms)
  Rendered partials/_footer.html.erb (0.5ms)
Completed 200 OK in 603ms (Views: 592.8ms | ActiveRecord: 0.0ms)


Started GET "/assets/application.self-90c48c98f70fe24ca5ebb9f1727517ec2829836252dc30bfd904178526cfc72a.css?body=1" for ::1 at 2016-09-14 13:34:11 -0300


Started GET "/assets/jquery.self-bd7ddd393353a8d2480a622e80342adf488fb6006d667e8b42e4c0073393abee.js?body=1" for ::1 at 2016-09-14 13:34:11 -0300


Started GET "/assets/products.self-877aef30ae1b040ab8a3aba4e3e309a11d7f2612f44dde450b5c157aa5f95c05.js?body=1" for ::1 at 2016-09-14 13:34:11 -0300


Started GET "/assets/turbolinks.self-c5acd7a204f5f25ce7a1d8a0e4d92e28d34c9e2df2c7371cd7af88e147e4ad82.js?body=1" for ::1 at 2016-09-14 13:34:11 -0300


Started GET "/assets/application.min.self-e3b0c44298fc1c149afbf4c8996fb92427ae41e4649b934ca495991b7852b855.js?body=1" for ::1 at 2016-09-14 13:34:11 -0300


Started GET "/assets/jquery_ujs.self-784a997f6726036b1993eb2217c9cb558e1cbb801c6da88105588c56f13b466a.js?body=1" for ::1 at 2016-09-14 13:34:11 -0300


Started GET "/assets/application.self-f98a0dd27ad1c55b2b9cfe97296d4887e5d4a4535b3bbbf9130c1050771738b2.js?body=1" for ::1 at 2016-09-14 13:34:11 -0300


Started GET "/assets/page.self-877aef30ae1b040ab8a3aba4e3e309a11d7f2612f44dde450b5c157aa5f95c05.js?body=1" for ::1 at 2016-09-14 13:34:11 -0300


Started GET "/assets/bootstrap.self-b38817c3e3a3049abb1fc08dd6ae448b23330f8453226efdb074710209474f75.js?body=1" for ::1 at 2016-09-14 13:34:11 -0300


Started GET "/assets/bootstrap/glyphicons-halflings-regular-a26394f7ede100ca118eff2eda08596275a9839b959c226e15439557a5a80742.woff" for ::1 at 2016-09-14 13:34:11 -0300


Started GET "/products" for ::1 at 2016-09-14 13:34:13 -0300
Processing by ProductsController#index as HTML
  [1m[35mProduct Load (0.2ms)[0m  SELECT "products".* FROM "products"
  Rendered products/index.html.erb within layouts/application (2.8ms)
  Rendered partials/_menu.html.erb (1.8ms)
  Rendered partials/_footer.html.erb (0.2ms)
Completed 200 OK in 74ms (Views: 70.1ms | ActiveRecord: 0.3ms)


Started GET "/products" for ::1 at 2016-09-14 13:34:19 -0300
Processing by ProductsController#index as HTML
  [1m[36mProduct Load (0.2ms)[0m  [1mSELECT "products".* FROM "products"[0m
  Rendered products/index.html.erb within layouts/application (0.9ms)
  Rendered partials/_menu.html.erb (1.2ms)
  Rendered partials/_footer.html.erb (0.1ms)
Completed 200 OK in 40ms (Views: 38.8ms | ActiveRecord: 0.2ms)


Started GET "/assets/application.self-90c48c98f70fe24ca5ebb9f1727517ec2829836252dc30bfd904178526cfc72a.css?body=1" for ::1 at 2016-09-14 13:34:19 -0300


Started GET "/assets/jquery_ujs.self-784a997f6726036b1993eb2217c9cb558e1cbb801c6da88105588c56f13b466a.js?body=1" for ::1 at 2016-09-14 13:34:19 -0300


Started GET "/assets/application.min.self-e3b0c44298fc1c149afbf4c8996fb92427ae41e4649b934ca495991b7852b855.js?body=1" for ::1 at 2016-09-14 13:34:19 -0300


Started GET "/assets/jquery.self-bd7ddd393353a8d2480a622e80342adf488fb6006d667e8b42e4c0073393abee.js?body=1" for ::1 at 2016-09-14 13:34:19 -0300


Started GET "/assets/turbolinks.self-c5acd7a204f5f25ce7a1d8a0e4d92e28d34c9e2df2c7371cd7af88e147e4ad82.js?body=1" for ::1 at 2016-09-14 13:34:19 -0300


Started GET "/assets/page.self-877aef30ae1b040ab8a3aba4e3e309a11d7f2612f44dde450b5c157aa5f95c05.js?body=1" for ::1 at 2016-09-14 13:34:19 -0300


Started GET "/assets/products.self-877aef30ae1b040ab8a3aba4e3e309a11d7f2612f44dde450b5c157aa5f95c05.js?body=1" for ::1 at 2016-09-14 13:34:19 -0300


Started GET "/assets/application.self-f98a0dd27ad1c55b2b9cfe97296d4887e5d4a4535b3bbbf9130c1050771738b2.js?body=1" for ::1 at 2016-09-14 13:34:19 -0300


Started GET "/assets/bootstrap.self-b38817c3e3a3049abb1fc08dd6ae448b23330f8453226efdb074710209474f75.js?body=1" for ::1 at 2016-09-14 13:34:19 -0300


Started GET "/" for ::1 at 2016-09-14 14:06:14 -0300
Processing by PageController#inicio as HTML
  Rendered page/inicio.html.erb within layouts/application (2.3ms)
  Rendered partials/_menu.html.erb (4.2ms)
  Rendered partials/_footer.html.erb (0.3ms)
Completed 200 OK in 106ms (Views: 98.9ms | ActiveRecord: 0.0ms)


Started GET "/assets/bootstrap/glyphicons-halflings-regular-a26394f7ede100ca118eff2eda08596275a9839b959c226e15439557a5a80742.woff" for ::1 at 2016-09-14 14:06:14 -0300
  [1m[36mActiveRecord::SchemaMigration Load (0.1ms)[0m  [1mSELECT "schema_migrations".* FROM "schema_migrations"[0m
  [1m[35mActiveRecord::SchemaMigration Load (0.1ms)[0m  SELECT "schema_migrations".* FROM "schema_migrations"
  [1m[36m (0.1ms)[0m  [1m            SELECT sql
            FROM sqlite_master
            WHERE name='index_users_on_reset_password_token' AND type='index'
            UNION ALL
            SELECT sql
            FROM sqlite_temp_master
            WHERE name='index_users_on_reset_password_token' AND type='index'
[0m
  [1m[35m (0.1ms)[0m              SELECT sql
            FROM sqlite_master
            WHERE name='index_users_on_email' AND type='index'
            UNION ALL
            SELECT sql
            FROM sqlite_temp_master
            WHERE name='index_users_on_email' AND type='index'



Started GET "/" for ::1 at 2016-09-14 14:14:36 -0300
Processing by PageController#inicio as HTML
  Rendered page/inicio.html.erb within layouts/application (0.6ms)
  Rendered partials/_menu.html.erb (1.6ms)
  Rendered partials/_footer.html.erb (0.2ms)
Completed 200 OK in 147ms (Views: 146.0ms | ActiveRecord: 0.0ms)


Started GET "/assets/jquery.self-bd7ddd393353a8d2480a622e80342adf488fb6006d667e8b42e4c0073393abee.js?body=1" for ::1 at 2016-09-14 14:14:36 -0300


Started GET "/assets/application.min.self-e3b0c44298fc1c149afbf4c8996fb92427ae41e4649b934ca495991b7852b855.js?body=1" for ::1 at 2016-09-14 14:14:36 -0300


Started GET "/assets/page.self-877aef30ae1b040ab8a3aba4e3e309a11d7f2612f44dde450b5c157aa5f95c05.js?body=1" for ::1 at 2016-09-14 14:14:36 -0300


Started GET "/assets/cart.self-877aef30ae1b040ab8a3aba4e3e309a11d7f2612f44dde450b5c157aa5f95c05.js?body=1" for ::1 at 2016-09-14 14:14:36 -0300


Started GET "/assets/application.self-f98a0dd27ad1c55b2b9cfe97296d4887e5d4a4535b3bbbf9130c1050771738b2.js?body=1" for ::1 at 2016-09-14 14:14:36 -0300


Started GET "/c_dentals" for ::1 at 2016-09-14 14:14:37 -0300

ActionController::RoutingError (No route matches [GET] "/c_dentals"):
  actionpack (4.2.7.1) lib/action_dispatch/middleware/debug_exceptions.rb:21:in `call'
  web-console (2.3.0) lib/web_console/middleware.rb:28:in `block in call'
  web-console (2.3.0) lib/web_console/middleware.rb:18:in `catch'
  web-console (2.3.0) lib/web_console/middleware.rb:18:in `call'
  actionpack (4.2.7.1) lib/action_dispatch/middleware/show_exceptions.rb:30:in `call'
  railties (4.2.7.1) lib/rails/rack/logger.rb:38:in `call_app'
  railties (4.2.7.1) lib/rails/rack/logger.rb:20:in `block in call'
  activesupport (4.2.7.1) lib/active_support/tagged_logging.rb:68:in `block in tagged'
  activesupport (4.2.7.1) lib/active_support/tagged_logging.rb:26:in `tagged'
  activesupport (4.2.7.1) lib/active_support/tagged_logging.rb:68:in `tagged'
  railties (4.2.7.1) lib/rails/rack/logger.rb:20:in `call'
  actionpack (4.2.7.1) lib/action_dispatch/middleware/request_id.rb:21:in `call'
  rack (1.6.4) lib/rack/methodoverride.rb:22:in `call'
  rack (1.6.4) lib/rack/runtime.rb:18:in `call'
  activesupport (4.2.7.1) lib/active_support/cache/strategy/local_cache_middleware.rb:28:in `call'
  rack (1.6.4) lib/rack/lock.rb:17:in `call'
  actionpack (4.2.7.1) lib/action_dispatch/middleware/static.rb:120:in `call'
  rack (1.6.4) lib/rack/sendfile.rb:113:in `call'
  railties (4.2.7.1) lib/rails/engine.rb:518:in `call'
  railties (4.2.7.1) lib/rails/application.rb:165:in `call'
  rack (1.6.4) lib/rack/lock.rb:17:in `call'
  rack (1.6.4) lib/rack/content_length.rb:15:in `call'
  rack (1.6.4) lib/rack/handler/webrick.rb:88:in `service'
  /Users/jaime/.rvm/rubies/ruby-2.3.1/lib/ruby/2.3.0/webrick/httpserver.rb:140:in `service'
  /Users/jaime/.rvm/rubies/ruby-2.3.1/lib/ruby/2.3.0/webrick/httpserver.rb:96:in `run'
  /Users/jaime/.rvm/rubies/ruby-2.3.1/lib/ruby/2.3.0/webrick/server.rb:296:in `block in start_thread'


  Rendered /Users/jaime/.rvm/gems/ruby-2.3.1/gems/actionpack-4.2.7.1/lib/action_dispatch/middleware/templates/rescues/_trace.html.erb (2.3ms)
  Rendered /Users/jaime/.rvm/gems/ruby-2.3.1/gems/actionpack-4.2.7.1/lib/action_dispatch/middleware/templates/routes/_route.html.erb (4.8ms)
  Rendered /Users/jaime/.rvm/gems/ruby-2.3.1/gems/actionpack-4.2.7.1/lib/action_dispatch/middleware/templates/routes/_table.html.erb (20.0ms)
  Rendered /Users/jaime/.rvm/gems/ruby-2.3.1/gems/actionpack-4.2.7.1/lib/action_dispatch/middleware/templates/rescues/_request_and_response.html.erb (2.6ms)
  Rendered /Users/jaime/.rvm/gems/ruby-2.3.1/gems/actionpack-4.2.7.1/lib/action_dispatch/middleware/templates/rescues/routing_error.html.erb within rescues/layout (121.4ms)
  Rendered /Users/jaime/.rvm/gems/ruby-2.3.1/gems/web-console-2.3.0/lib/web_console/templates/_markup.html.erb (1.0ms)
  Rendered /Users/jaime/.rvm/gems/ruby-2.3.1/gems/web-console-2.3.0/lib/web_console/templates/_inner_console_markup.html.erb within layouts/inlined_string (0.7ms)
  Rendered /Users/jaime/.rvm/gems/ruby-2.3.1/gems/web-console-2.3.0/lib/web_console/templates/_prompt_box_markup.html.erb within layouts/inlined_string (0.3ms)
  Rendered /Users/jaime/.rvm/gems/ruby-2.3.1/gems/web-console-2.3.0/lib/web_console/templates/style.css.erb within layouts/inlined_string (0.5ms)
  Rendered /Users/jaime/.rvm/gems/ruby-2.3.1/gems/web-console-2.3.0/lib/web_console/templates/console.js.erb within layouts/javascript (70.8ms)
  Rendered /Users/jaime/.rvm/gems/ruby-2.3.1/gems/web-console-2.3.0/lib/web_console/templates/main.js.erb within layouts/javascript (0.4ms)
  Rendered /Users/jaime/.rvm/gems/ruby-2.3.1/gems/web-console-2.3.0/lib/web_console/templates/error_page.js.erb within layouts/javascript (0.5ms)
  Rendered /Users/jaime/.rvm/gems/ruby-2.3.1/gems/web-console-2.3.0/lib/web_console/templates/index.html.erb (144.4ms)


Started GET "/cart" for ::1 at 2016-09-14 14:14:37 -0300
Processing by CartController#index as HTML
  Rendered cart/index.html.erb within layouts/application (0.4ms)
  Rendered partials/_menu.html.erb (1.2ms)
  Rendered partials/_footer.html.erb (0.1ms)
Completed 200 OK in 49ms (Views: 48.5ms | ActiveRecord: 0.0ms)


Started GET "/" for ::1 at 2016-10-10 23:08:41 -0300
  [1m[36mActiveRecord::SchemaMigration Load (0.5ms)[0m  [1mSELECT "schema_migrations".* FROM "schema_migrations"[0m
Processing by PageController#inicio as HTML
  Rendered page/inicio.html.erb within layouts/application (2.7ms)
  Rendered partials/_menu.html.erb (7.5ms)
  Rendered partials/_footer.html.erb (1.1ms)
Completed 200 OK in 3063ms (Views: 3053.5ms | ActiveRecord: 0.0ms)


Started GET "/assets/jquery.self-bd7ddd393353a8d2480a622e80342adf488fb6006d667e8b42e4c0073393abee.js?body=1" for ::1 at 2016-10-10 23:08:44 -0300


Started GET "/assets/turbolinks.self-c5acd7a204f5f25ce7a1d8a0e4d92e28d34c9e2df2c7371cd7af88e147e4ad82.js?body=1" for ::1 at 2016-10-10 23:08:44 -0300


Started GET "/assets/jquery_ujs.self-784a997f6726036b1993eb2217c9cb558e1cbb801c6da88105588c56f13b466a.js?body=1" for ::1 at 2016-10-10 23:08:44 -0300


Started GET "/assets/application.self-8d68dcb7ffe63adebe13fe88f1ae1d9131240ff9a48ddc9b86014f1de95c0b15.css?body=1" for ::1 at 2016-10-10 23:08:44 -0300


Started GET "/assets/cart.self-877aef30ae1b040ab8a3aba4e3e309a11d7f2612f44dde450b5c157aa5f95c05.js?body=1" for ::1 at 2016-10-10 23:08:44 -0300


Started GET "/assets/application.min.self-e3b0c44298fc1c149afbf4c8996fb92427ae41e4649b934ca495991b7852b855.js?body=1" for ::1 at 2016-10-10 23:08:44 -0300


Started GET "/assets/page.self-877aef30ae1b040ab8a3aba4e3e309a11d7f2612f44dde450b5c157aa5f95c05.js?body=1" for ::1 at 2016-10-10 23:08:44 -0300


Started GET "/assets/products.self-877aef30ae1b040ab8a3aba4e3e309a11d7f2612f44dde450b5c157aa5f95c05.js?body=1" for ::1 at 2016-10-10 23:08:44 -0300


Started GET "/assets/bootstrap.self-b38817c3e3a3049abb1fc08dd6ae448b23330f8453226efdb074710209474f75.js?body=1" for ::1 at 2016-10-10 23:08:44 -0300


Started GET "/assets/application.self-f98a0dd27ad1c55b2b9cfe97296d4887e5d4a4535b3bbbf9130c1050771738b2.js?body=1" for ::1 at 2016-10-10 23:08:44 -0300


Started GET "/assets/bootstrap/glyphicons-halflings-regular-fe185d11a49676890d47bb783312a0cda5a44c4039214094e7957b4c040ef11c.woff2" for ::1 at 2016-10-10 23:08:44 -0300
